
> centre-mandela-monorepo@1.0.0 dev
> concurrently "npm run dev --workspace=client" "npm run dev --workspace=server"

[1] 
[1] > centre-mandela-server@1.0.0 dev
[1] > ts-node-dev --respawn --transpile-only src/index.ts
[1] 
[0] 
[0] > centre-mandela-client@1.0.0 dev
[0] > vite
[0] 
[0] failed to load config from /workspaces/centre-mandela/client/vite.config.ts
[0] error when starting dev server:
[0] Error [ERR_MODULE_NOT_FOUND]: Cannot find package '@vitejs/plugin-react' imported from /workspaces/centre-mandela/client/node_modules/.vite-temp/vite.config.ts.timestamp-1749139317135-b94e12700dbce.mjs
[0]     at Object.getPackageJSONURL (node:internal/modules/package_json_reader:256:9)
[0]     at packageResolve (node:internal/modules/esm/resolve:768:81)
[0]     at moduleResolve (node:internal/modules/esm/resolve:854:18)
[0]     at defaultResolve (node:internal/modules/esm/resolve:984:11)
[0]     at ModuleLoader.defaultResolve (node:internal/modules/esm/loader:780:12)
[0]     at #cachedDefaultResolve (node:internal/modules/esm/loader:704:25)
[0]     at ModuleLoader.resolve (node:internal/modules/esm/loader:687:38)
[0]     at ModuleLoader.getModuleJobForImport (node:internal/modules/esm/loader:305:38)
[0]     at ModuleJob._link (node:internal/modules/esm/module_job:137:49)
[0] npm error Lifecycle script `dev` failed with error:
[0] npm error code 1
[0] npm error path /workspaces/centre-mandela/client
[0] npm error workspace centre-mandela-client@1.0.0
[0] npm error location /workspaces/centre-mandela/client
[0] npm error command failed
[0] npm error command sh -c vite
[0] npm run dev --workspace=client exited with code 1
[1] /workspaces/centre-mandela/node_modules/resolve/lib/sync.js:113
[1]     throw err;
[1]     ^
[1] 
[1] Error: Cannot find module 'src/index.ts' from '/workspaces/centre-mandela/server'
[1]     at Function.resolveSync [as sync] (/workspaces/centre-mandela/node_modules/resolve/lib/sync.js:111:15)
[1]     at resolveRequest (/workspaces/centre-mandela/node_modules/ts-node-dev/lib/resolveMain.js:18:24)
[1]     at exports.resolveMain (/workspaces/centre-mandela/node_modules/ts-node-dev/lib/resolveMain.js:30:20)
[1]     at exports.runDev (/workspaces/centre-mandela/node_modules/ts-node-dev/lib/index.js:53:30)
[1]     at Object.<anonymous> (/workspaces/centre-mandela/node_modules/ts-node-dev/lib/bin.js:136:4)
[1]     at Module._compile (node:internal/modules/cjs/loader:1730:14)
[1]     at Object..js (node:internal/modules/cjs/loader:1895:10)
[1]     at Module.load (node:internal/modules/cjs/loader:1465:32)
[1]     at Function._load (node:internal/modules/cjs/loader:1282:12)
[1]     at TracingChannel.traceSync (node:diagnostics_channel:322:14) {
[1]   code: 'MODULE_NOT_FOUND'
[1] }
[1] 
[1] Node.js v22.16.0
[1] npm error Lifecycle script `dev` failed with error:
[1] npm error code 1
[1] npm error path /workspaces/centre-mandela/server
[1] npm error workspace centre-mandela-server@1.0.0
[1] npm error location /workspaces/centre-mandela/server
[1] npm error command failed
[1] npm error command sh -c ts-node-dev --respawn --transpile-only src/index.ts
[1] npm run dev --workspace=server exited with code 1
